<?xml version="1.0" encoding="UTF-8"?>
<testng-results ignored="0" total="1" passed="1" failed="0" skipped="0">
  <reporter-output>
  </reporter-output>
  <suite started-at="2023-03-19T20:09:52 IST" name="Default suite" finished-at="2023-03-19T20:10:09 IST" duration-ms="16967">
    <groups>
    </groups>
    <test started-at="2023-03-19T20:09:52 IST" name="Default test" finished-at="2023-03-19T20:10:09 IST" duration-ms="16967">
      <class name="Testcases.POMTest">
        <test-method is-config="true" signature="ConfigureAppium()[pri:0, instance:Testcases.POMTest@1ab3a8c8]" started-at="2023-03-19T20:09:52 IST" name="ConfigureAppium" finished-at="2023-03-19T20:10:04 IST" duration-ms="11528" status="PASS">
          <reporter-output>
          </reporter-output>
        </test-method> <!-- ConfigureAppium -->
        <test-method signature="pomtest()[pri:0, instance:Testcases.POMTest@1ab3a8c8]" started-at="2023-03-19T20:10:04 IST" name="pomtest" finished-at="2023-03-19T20:10:09 IST" duration-ms="5375" status="PASS">
          <reporter-output>
          </reporter-output>
        </test-method> <!-- pomtest -->
        <test-method is-config="true" signature="tearDown()[pri:0, instance:Testcases.POMTest@1ab3a8c8]" started-at="2023-03-19T20:10:09 IST" name="tearDown" finished-at="2023-03-19T20:10:09 IST" duration-ms="2" status="PASS">
          <reporter-output>
          </reporter-output>
        </test-method> <!-- tearDown -->
      </class> <!-- Testcases.POMTest -->
    </test> <!-- Default test -->
  </suite> <!-- Default suite -->
</testng-results>
